<?xml version="1.0" encoding="UTF-8"?>
<!-- Generated by org.testng.reporters.JUnitReportReporter -->
<testsuite skipped="0" hostname="DESKTOP-R707R9I" name="com.test.automation.uiAutomationNew.homePage.TC001_VerifyLoginWithInvalidCredential" tests="1" failures="0" timestamp="26 Aug 2017 20:14:49 GMT" time="5.217" errors="0">
  <testcase name="verifyLoginInvalidCredential" time="5.217" classname="com.test.automation.uiAutomationNew.homePage.TC001_VerifyLoginWithInvalidCredential"/>
</testsuite> <!-- com.test.automation.uiAutomationNew.homePage.TC001_VerifyLoginWithInvalidCredential -->
