<?xml version="1.0" encoding="UTF-8"?>
<!-- Generated by org.testng.reporters.JUnitReportReporter -->
<testsuite skipped="0" hostname="DESKTOP-R707R9I" name="com.test.automation.uiAutomationNew.homePage.TC003_CreateAnAccount" tests="1" failures="0" timestamp="28 Aug 2017 17:26:53 GMT" time="11.349" errors="0">
  <testcase name="createAccount" time="11.349" classname="com.test.automation.uiAutomationNew.homePage.TC003_CreateAnAccount"/>
</testsuite> <!-- com.test.automation.uiAutomationNew.homePage.TC003_CreateAnAccount -->
