<?xml version="1.0" encoding="UTF-8"?>
<!-- Generated by org.testng.reporters.JUnitReportReporter -->
<testsuite skipped="0" hostname="DESKTOP-R707R9I" name="com.test.automation.uiAutomationNew.homePage.TC004_VerifyLoginWithValidCredential" tests="1" failures="0" timestamp="28 Aug 2017 17:36:49 GMT" time="64.618" errors="0">
  <testcase name="testValidLogin" time="64.618" classname="com.test.automation.uiAutomationNew.homePage.TC004_VerifyLoginWithValidCredential"/>
</testsuite> <!-- com.test.automation.uiAutomationNew.homePage.TC004_VerifyLoginWithValidCredential -->
