<?xml version="1.0" encoding="UTF-8"?>
<!-- Generated by org.testng.reporters.JUnitReportReporter -->
<testsuite skipped="0" hostname="DESKTOP-R707R9I" name="com.test.automation.uiAutomationNew.homePage.TC002_VerifyLoginWithDifferentRecords" tests="5" failures="0" timestamp="31 Aug 2017 06:44:52 GMT" time="20.325" errors="0">
  <testcase name="testLogin" time="3.885" classname="com.test.automation.uiAutomationNew.homePage.TC002_VerifyLoginWithDifferentRecords"/>
  <testcase name="testLogin" time="3.892" classname="com.test.automation.uiAutomationNew.homePage.TC002_VerifyLoginWithDifferentRecords"/>
  <testcase name="testLogin" time="5.331" classname="com.test.automation.uiAutomationNew.homePage.TC002_VerifyLoginWithDifferentRecords"/>
  <testcase name="testLogin" time="3.546" classname="com.test.automation.uiAutomationNew.homePage.TC002_VerifyLoginWithDifferentRecords"/>
  <testcase name="testLogin" time="3.671" classname="com.test.automation.uiAutomationNew.homePage.TC002_VerifyLoginWithDifferentRecords"/>
</testsuite> <!-- com.test.automation.uiAutomationNew.homePage.TC002_VerifyLoginWithDifferentRecords -->
