<?xml version="1.0" encoding="UTF-8"?>
<!-- Generated by org.testng.reporters.JUnitReportReporter -->
<testsuite name="com.test.automation.uiAutomationNew.homePage.TC003_CreateAnAccount" tests="1" time="12.701" ignored="0" failures="0" timestamp="31 Aug 2017 06:52:47 GMT" skipped="0" hostname="DESKTOP-R707R9I" errors="0">
  <testcase name="createAccount" time="12.701" classname="com.test.automation.uiAutomationNew.homePage.TC003_CreateAnAccount"/>
</testsuite> <!-- com.test.automation.uiAutomationNew.homePage.TC003_CreateAnAccount -->
