<?xml version="1.0" encoding="UTF-8"?>
<!-- Generated by org.testng.reporters.JUnitReportReporter -->
<testsuite name="com.test.automation.uiAutomationNew.homePage.TC002_VerifyLoginWithDifferentRecords" tests="5" time="19.086" ignored="0" failures="0" timestamp="31 Aug 2017 06:52:47 GMT" skipped="0" hostname="DESKTOP-R707R9I" errors="0">
  <testcase name="testLogin" time="3.736" classname="com.test.automation.uiAutomationNew.homePage.TC002_VerifyLoginWithDifferentRecords"/>
  <testcase name="testLogin" time="3.500" classname="com.test.automation.uiAutomationNew.homePage.TC002_VerifyLoginWithDifferentRecords"/>
  <testcase name="testLogin" time="3.594" classname="com.test.automation.uiAutomationNew.homePage.TC002_VerifyLoginWithDifferentRecords"/>
  <testcase name="testLogin" time="4.702" classname="com.test.automation.uiAutomationNew.homePage.TC002_VerifyLoginWithDifferentRecords"/>
  <testcase name="testLogin" time="3.554" classname="com.test.automation.uiAutomationNew.homePage.TC002_VerifyLoginWithDifferentRecords"/>
</testsuite> <!-- com.test.automation.uiAutomationNew.homePage.TC002_VerifyLoginWithDifferentRecords -->
